<?xml version="1.0" encoding="UTF-8"?>
<testng-results skipped="0" failed="0" total="1" passed="1">
  <reporter-output>
  </reporter-output>
  <suite name="Default suite" duration-ms="14124" started-at="2014-06-23T18:37:29Z" finished-at="2014-06-23T18:37:43Z">
    <groups>
    </groups>
    <test name="Default test" duration-ms="14124" started-at="2014-06-23T18:37:29Z" finished-at="2014-06-23T18:37:43Z">
      <class name="mySQLTest.ConnectDB">
        <test-method status="PASS" signature="setUp()[pri:0, instance:mySQLTest.ConnectDB@6b29e6]" name="setUp" is-config="true" duration-ms="6" started-at="2014-06-23T15:37:29Z" finished-at="2014-06-23T15:37:29Z">
          <reporter-output>
          </reporter-output>
        </test-method> <!-- setUp -->
        <test-method status="PASS" signature="CreateDB()[pri:0, instance:mySQLTest.ConnectDB@6b29e6]" name="CreateDB" duration-ms="14104" started-at="2014-06-23T15:37:29Z" finished-at="2014-06-23T15:37:43Z">
          <reporter-output>
          </reporter-output>
        </test-method> <!-- CreateDB -->
      </class> <!-- mySQLTest.ConnectDB -->
    </test> <!-- Default test -->
  </suite> <!-- Default suite -->
</testng-results>
