<?xml version="1.0" encoding="UTF-8"?>
<testng-results skipped="0" failed="0" total="1" passed="1">
  <reporter-output>
  </reporter-output>
  <suite name="Default suite" duration-ms="9357" started-at="2014-06-25T18:33:47Z" finished-at="2014-06-25T18:33:56Z">
    <groups>
    </groups>
    <test name="Default test" duration-ms="9357" started-at="2014-06-25T18:33:47Z" finished-at="2014-06-25T18:33:56Z">
      <class name="mySQL_Update.ConnectDB">
        <test-method status="PASS" signature="setUp()[pri:0, instance:mySQL_Update.ConnectDB@1955dd4]" name="setUp" is-config="true" duration-ms="7" started-at="2014-06-25T15:33:47Z" finished-at="2014-06-25T15:33:47Z">
          <reporter-output>
          </reporter-output>
        </test-method> <!-- setUp -->
        <test-method status="PASS" signature="CreateDB()[pri:0, instance:mySQL_Update.ConnectDB@1955dd4]" name="CreateDB" duration-ms="9336" started-at="2014-06-25T15:33:47Z" finished-at="2014-06-25T15:33:56Z">
          <reporter-output>
          </reporter-output>
        </test-method> <!-- CreateDB -->
      </class> <!-- mySQL_Update.ConnectDB -->
    </test> <!-- Default test -->
  </suite> <!-- Default suite -->
</testng-results>
